2022-03-05 12:15:33  ================================================
2022-03-05 12:15:33  EFI System Diagnostic 7.6.2.0 Started
2022-03-05 12:15:33  Load Options = 
2022-03-05 12:15:33  Console Control Protocol Not Available
2022-03-05 12:15:33  SysDiagsBiosData2011 Configuration Variable Acquired, SysDiagsBiosData2010.Version 1
2022-03-05 12:15:33  HP Thermal Diagnostic Protocol Not Available
2022-03-05 12:15:33  HP Thermal Diagnostic 2 Protocol Not Available
2022-03-05 12:15:33  [L]> System ID: 8533
2022-03-05 12:15:33  HP BIOS Image Interface Protocol Version 2.0
2022-03-05 12:15:33  [L]> Found 8 Processors 8 Enabled Processors
2022-03-05 12:15:33  [L]> MpService2 found Bsp at index 0
2022-03-05 12:15:33  [L]> Absolute Pointer Protocol Not Available
2022-03-05 12:15:33  [L]> 0 UART device path node found.
2022-03-05 12:15:33  System Family: Consumer Notebook
2022-03-05 12:15:33  Filter Serial Port Test for SystemFamily 2 
2022-03-05 12:15:33  [L]> IsThunderboltAccessProtocolPresent(): Failed to Locate Thunderbolt Protocol. (Not Found)
2022-03-05 12:15:33  Failed loading Hp Fingerprint Verify Protocol.(Not Found)
2022-03-05 12:15:33  [L]> PlatformLang reported as en-US.
2022-03-05 12:15:33  [L]> Language Selected is currently (eng).
2022-03-05 12:15:40  Initializing Drive Library.
2022-03-05 12:15:40  TscPerSecond = 06157C2EFh 
2022-03-05 12:15:40  [L]> Find DMAR in ACPI Table
2022-03-05 12:15:40  [L]> DMA Remap Protection is disabled
2022-03-05 12:15:40  Installed DTD ATA Commands Protocol
2022-03-05 12:15:40  Found installed DTD ATA Commands Protocol supporting Packet Commands!
2022-03-05 12:15:40  Found 1 Hard Disk Drive.
2022-03-05 12:15:40  Drive 0 SMART Supported
2022-03-05 12:15:40  AtaCommandsBindBlockIoProtocol(): Linked Block I/O Protocol (0x6A8139B8) to Drive 0
2022-03-05 12:15:40  Found 1 Optical Disk Drive.
2022-03-05 12:15:40  AtaCommandsBindBlockIoProtocol(): Linked Block I/O Protocol (0x6A80AEB8) to Drive 1
2022-03-05 12:15:40  Found 1 Hard Disk Drive.
2022-03-05 12:15:40  Drive 2 SMART Supported
2022-03-05 12:15:40  AtaCommandsBindBlockIoProtocol(): Linked Block I/O Protocol (0x6A7D8A38) to Drive 2
2022-03-05 12:15:40  3 Total ATA Commands Drives Found
2022-03-05 12:15:40  Found 1 handles supporting EFI_EXT_SCSI_PASS_THRU_PROTOCOL (143B7632-B81B-4CB7-ABD3-B625A5B9BFFE).
2022-03-05 12:15:40  SCSI device connected at Target 0x0100FFFFFFFFFFFF-FFFFFFFFFFFFFFFF Lun 0x0
2022-03-05 12:15:40  Device Node Sata(0x1,0x0,0x0).
2022-03-05 12:15:40  ExtScsiPassThruInitScsiDriveData(65241): Do not collect SCSI ODD information if DMAr is disabled.
2022-03-05 12:15:40  ExtScsiPassThruInitializeScsiDiskSupport(): ExtScsiPassThruInitScsiDriveData() failed. (Unsupported)
2022-03-05 12:15:40  Found 1 handles supporting EFI_NVM_EXPRESS_PASS_THRU_PROTOCOL (52C78312-8EDC-4233-98F2-1A1AA5E388A5).
2022-03-05 12:15:40  [W]> PciIo Class Code (BCC:01,SCC:04,PI:00) unmatched for NVMe device. (Success)
2022-03-05 12:15:40  NVMePassThruInitializeNVMeDiskSupport(): GetNextNamespace() Not Found. (Not Found)
2022-03-05 12:15:40  2 Total Hard Disc Drives Found
2022-03-05 12:15:40  1 Total Optical Disc Drives Found
2022-03-05 12:15:40  Found 2 Hard Disk Drives
2022-03-05 12:15:40  Found 1 Optical Disk Drives
2022-03-05 12:15:40  No handle found supporting EFI_DCPMM_CONFIG_PROTOCOL_GUID (CF2F5F1F-94B6-4C15-9CAE-AFB3BD9F2BA5).
2022-03-05 12:15:40  Failed to initialize NVDIMM modules.
2022-03-05 12:15:40  SSD Wear ID is 0xAD, Flags is 0x0032, Current is 0x54, Worse is 0x54.
2022-03-05 12:15:40  SSD Wear Data: A6 00 00 00 00 00. 
2022-03-05 12:15:40  [L]> System ID: 8533
2022-03-05 12:15:40  System Model: = HP Laptop 15-da1xxx
2022-03-05 12:15:40  System SKU: = 6RQ05EA#BH5
2022-03-05 12:15:40  System ID: 8533
2022-03-05 12:15:40  Type 11 OS Image: BUILDID#18WW2PDD302#SBH5#DBH5
2022-03-05 12:15:40  BOD: 03/19/2019
2022-03-05 12:15:40  HDD 0 Type : ATA
2022-03-05 12:15:40  HDD 0 Model :   WDC WD10SPZX-60Z10T0
2022-03-05 12:15:40  HDD 0 Firmware: 04.01A04
2022-03-05 12:15:40  HDD 0 Serial:   WD-WX41A1968SCH
2022-03-05 12:15:40  HDD 1 Type : ATA
2022-03-05 12:15:40  HDD 1 Model :   SanDisk SD9SN8W-128G-1006
2022-03-05 12:15:40  HDD 1 Firmware: X6103006
2022-03-05 12:15:40  HDD 1 Serial:   181232805300
2022-03-05 12:15:40  ODD 0 Type : ATA
2022-03-05 12:15:40  ODD 0 Model :   hp DVDRW GUE1N
2022-03-05 12:15:40  ODD 0 Firmware: UE00
2022-03-05 12:15:40  ODD 0 Serial:   KZVJ4P25849
2022-03-05 12:15:40  DIMM 0 Serial Number: 2374A5C9
2022-03-05 12:15:40  DIMM 0 Part Number  : M471A5244BB0-CRC    
2022-03-05 12:15:40  DIMM 1 Serial Number: 2B5D78C2
2022-03-05 12:15:40  DIMM 1 Part Number  : HMA851S6AFR6N-UH    
2022-03-05 12:15:40  BIOS Revision: F.36
2022-03-05 12:15:40  [L]> Platform Vendor ID : 0x8086
2022-03-05 12:15:40  [L]> Platform Device ID : 0x3E34
2022-03-05 12:15:40  [L]> Found EFI_HP_DIMM_ID_PROTOCOL
2022-03-05 12:15:40  InitializeCeeLogs - No Records Found
2022-03-05 12:15:40  [L]> EFI_HP_BATTERY_CONTROL_PROTOCOL_2010 is present.
2022-03-05 12:15:40  Type 11 1 tables
2022-03-05 12:15:40  Type (000000000000000Bh), Len (0000000000000005h), Handle (0000000000000006h), String count (0000000000000009h)
2022-03-05 12:15:40  HPBATDET: Environment Variable not found.
2022-03-05 12:15:40  BATDET: Date 4//10//2019 
2022-03-05 12:15:40  BATDET: 0
2022-03-05 12:15:40  [L]> BATDET: HP
2022-03-05 12:15:40  SysDiagsGetBatterySafetyModeStatus(): Failed to get BatterySafeyMode/BatterySafeyModeStatus.
2022-03-05 12:15:40  BIOS Config Table Configure Legacy Support and Secure Boot section was not found. 
2022-03-05 12:15:40  Legacy Support:
2022-03-05 12:15:40  	Enable
2022-03-05 12:15:40  	*Disable
2022-03-05 12:15:40  GetBIOSBootModeFromBIOSConfig(): Legacy Support is Not Enabled. 
2022-03-05 12:15:40  Secure Boot:
2022-03-05 12:15:40  	Enable
2022-03-05 12:15:40  	*Disable
2022-03-05 12:15:40  GetBIOSBootModeFromBIOSConfig(): Secure Boot is Not Enabled. 
2022-03-05 12:15:40  BIOS Config Table Adaptive Battery Extender section was not found. 
2022-03-05 12:15:40  SaveBIOSConfigInfo: Error assigning Battery Adaptive Extender data from BIOS configuration. Status = Not Found
2022-03-05 12:15:40  BIOS Config Table Adaptive Battery Optimizer section was not found. 
2022-03-05 12:15:40  BIOS Config Table DMAr Protection section was not found. 
2022-03-05 12:15:40  BIOS Config Table Batt_LTemp section was not found. 
2022-03-05 12:15:40  Starting Graphical System Diagnostic Menu
2022-03-05 12:16:20  Uninstalling DTD ATA Commands Protocol
2022-03-05 12:16:20  Exiting System Diagnostics
2022-03-05 12:19:11  ================================================
2022-03-05 12:19:11  EFI System Diagnostic 7.6.2.0 Started
2022-03-05 12:19:11  Load Options = 
2022-03-05 12:19:11  Console Control Protocol Not Available
2022-03-05 12:19:11  SysDiagsBiosData2011 Configuration Variable Acquired, SysDiagsBiosData2010.Version 1
2022-03-05 12:19:11  HP Thermal Diagnostic Protocol Not Available
2022-03-05 12:19:11  HP Thermal Diagnostic 2 Protocol Not Available
2022-03-05 12:19:11  [L]> System ID: 8533
2022-03-05 12:19:11  HP BIOS Image Interface Protocol Version 2.0
2022-03-05 12:19:11  [L]> Found 8 Processors 8 Enabled Processors
2022-03-05 12:19:11  [L]> MpService2 found Bsp at index 0
2022-03-05 12:19:11  [L]> Absolute Pointer Protocol Not Available
2022-03-05 12:19:12  [L]> 0 UART device path node found.
2022-03-05 12:19:12  System Family: Consumer Notebook
2022-03-05 12:19:12  Filter Serial Port Test for SystemFamily 2 
2022-03-05 12:19:12  [L]> IsThunderboltAccessProtocolPresent(): Failed to Locate Thunderbolt Protocol. (Not Found)
2022-03-05 12:19:12  Failed loading Hp Fingerprint Verify Protocol.(Not Found)
2022-03-05 12:19:12  [L]> Language Selected is currently (eng).
2022-03-05 12:19:14  Initializing Drive Library.
2022-03-05 12:19:14  TscPerSecond = 081CF4BDEh 
2022-03-05 12:19:14  [L]> Find DMAR in ACPI Table
2022-03-05 12:19:14  [L]> DMA Remap Protection is disabled
2022-03-05 12:19:14  Installed DTD ATA Commands Protocol
2022-03-05 12:19:14  Found installed DTD ATA Commands Protocol supporting Packet Commands!
2022-03-05 12:19:14  Found 1 Hard Disk Drive.
2022-03-05 12:19:14  Drive 0 SMART Supported
2022-03-05 12:19:14  AtaCommandsBindBlockIoProtocol(): Linked Block I/O Protocol (0x6A8139B8) to Drive 0
2022-03-05 12:19:14  Found 1 Optical Disk Drive.
2022-03-05 12:19:14  AtaCommandsBindBlockIoProtocol(): Linked Block I/O Protocol (0x6A80AEB8) to Drive 1
2022-03-05 12:19:14  Found 1 Hard Disk Drive.
2022-03-05 12:19:14  Drive 2 SMART Supported
2022-03-05 12:19:14  AtaCommandsBindBlockIoProtocol(): Linked Block I/O Protocol (0x6A7D8A38) to Drive 2
2022-03-05 12:19:14  3 Total ATA Commands Drives Found
2022-03-05 12:19:14  Found 1 handles supporting EFI_EXT_SCSI_PASS_THRU_PROTOCOL (143B7632-B81B-4CB7-ABD3-B625A5B9BFFE).
2022-03-05 12:19:14  SCSI device connected at Target 0x0100FFFFFFFFFFFF-FFFFFFFFFFFFFFFF Lun 0x0
2022-03-05 12:19:14  Device Node Sata(0x1,0x0,0x0).
2022-03-05 12:19:14  ExtScsiPassThruInitScsiDriveData(65241): Do not collect SCSI ODD information if DMAr is disabled.
2022-03-05 12:19:14  ExtScsiPassThruInitializeScsiDiskSupport(): ExtScsiPassThruInitScsiDriveData() failed. (Unsupported)
2022-03-05 12:19:14  Found 1 handles supporting EFI_NVM_EXPRESS_PASS_THRU_PROTOCOL (52C78312-8EDC-4233-98F2-1A1AA5E388A5).
2022-03-05 12:19:14  [W]> PciIo Class Code (BCC:01,SCC:04,PI:00) unmatched for NVMe device. (Success)
2022-03-05 12:19:14  NVMePassThruInitializeNVMeDiskSupport(): GetNextNamespace() Not Found. (Not Found)
2022-03-05 12:19:14  2 Total Hard Disc Drives Found
2022-03-05 12:19:14  1 Total Optical Disc Drives Found
2022-03-05 12:19:14  Found 2 Hard Disk Drives
2022-03-05 12:19:14  Found 1 Optical Disk Drives
2022-03-05 12:19:14  No handle found supporting EFI_DCPMM_CONFIG_PROTOCOL_GUID (CF2F5F1F-94B6-4C15-9CAE-AFB3BD9F2BA5).
2022-03-05 12:19:14  Failed to initialize NVDIMM modules.
2022-03-05 12:19:14  SSD Wear ID is 0xAD, Flags is 0x0032, Current is 0x54, Worse is 0x54.
2022-03-05 12:19:14  SSD Wear Data: A6 00 00 00 00 00. 
2022-03-05 12:19:14  [L]> System ID: 8533
2022-03-05 12:19:14  System Model: = HP Laptop 15-da1xxx
2022-03-05 12:19:14  System SKU: = 6RQ05EA#BH5
2022-03-05 12:19:14  System ID: 8533
2022-03-05 12:19:14  Type 11 OS Image: BUILDID#18WW2PDD302#SBH5#DBH5
2022-03-05 12:19:14  BOD: 03/19/2019
2022-03-05 12:19:14  HDD 0 Type : ATA
2022-03-05 12:19:14  HDD 0 Model :   WDC WD10SPZX-60Z10T0
2022-03-05 12:19:14  HDD 0 Firmware: 04.01A04
2022-03-05 12:19:14  HDD 0 Serial:   WD-WX41A1968SCH
2022-03-05 12:19:14  HDD 1 Type : ATA
2022-03-05 12:19:14  HDD 1 Model :   SanDisk SD9SN8W-128G-1006
2022-03-05 12:19:14  HDD 1 Firmware: X6103006
2022-03-05 12:19:14  HDD 1 Serial:   181232805300
2022-03-05 12:19:14  ODD 0 Type : ATA
2022-03-05 12:19:14  ODD 0 Model :   hp DVDRW GUE1N
2022-03-05 12:19:14  ODD 0 Firmware: UE00
2022-03-05 12:19:14  ODD 0 Serial:   KZVJ4P25849
2022-03-05 12:19:14  DIMM 0 Serial Number: 2374A5C9
2022-03-05 12:19:14  DIMM 0 Part Number  : M471A5244BB0-CRC    
2022-03-05 12:19:14  DIMM 1 Serial Number: 2B5D78C2
2022-03-05 12:19:14  DIMM 1 Part Number  : HMA851S6AFR6N-UH    
2022-03-05 12:19:14  BIOS Revision: F.36
2022-03-05 12:19:14  [L]> Platform Vendor ID : 0x8086
2022-03-05 12:19:14  [L]> Platform Device ID : 0x3E34
2022-03-05 12:19:14  [L]> Found EFI_HP_DIMM_ID_PROTOCOL
2022-03-05 12:19:14  InitializeCeeLogs - No Records Found
2022-03-05 12:19:14  [L]> EFI_HP_BATTERY_CONTROL_PROTOCOL_2010 is present.
2022-03-05 12:19:14  Type 11 1 tables
2022-03-05 12:19:14  Type (000000000000000Bh), Len (0000000000000005h), Handle (0000000000000006h), String count (0000000000000009h)
2022-03-05 12:19:14  HPBATDET: Environment Variable not found.
2022-03-05 12:19:14  BATDET: Date 4//10//2019 
2022-03-05 12:19:14  BATDET: 0
2022-03-05 12:19:14  [L]> BATDET: HP
2022-03-05 12:19:14  SysDiagsGetBatterySafetyModeStatus(): Failed to get BatterySafeyMode/BatterySafeyModeStatus.
2022-03-05 12:19:14  BIOS Config Table Configure Legacy Support and Secure Boot section was not found. 
2022-03-05 12:19:14  Legacy Support:
2022-03-05 12:19:14  	Enable
2022-03-05 12:19:14  	*Disable
2022-03-05 12:19:14  GetBIOSBootModeFromBIOSConfig(): Legacy Support is Not Enabled. 
2022-03-05 12:19:14  Secure Boot:
2022-03-05 12:19:14  	Enable
2022-03-05 12:19:14  	*Disable
2022-03-05 12:19:14  GetBIOSBootModeFromBIOSConfig(): Secure Boot is Not Enabled. 
2022-03-05 12:19:14  BIOS Config Table Adaptive Battery Extender section was not found. 
2022-03-05 12:19:14  SaveBIOSConfigInfo: Error assigning Battery Adaptive Extender data from BIOS configuration. Status = Not Found
2022-03-05 12:19:14  BIOS Config Table Adaptive Battery Optimizer section was not found. 
2022-03-05 12:19:14  BIOS Config Table DMAr Protection section was not found. 
2022-03-05 12:19:14  BIOS Config Table Batt_LTemp section was not found. 
2022-03-05 12:19:14  Starting Graphical System Diagnostic Menu
2022-03-05 12:19:23  Checking if Charging Port Test is available...
2022-03-05 12:19:23  [L]> EfiBatteryLibGetSmartAdapterStatus: AdapterStatus is '0'.
2022-03-05 12:19:23  SysDiagsBatteryCheckDeepDischargeAndLowVoltage(): Failed getting Battery Pack Supplier.
2022-03-05 12:19:23  Battery0: Charged to 39% and current is 1194mA. Battery Health Manager or Battery Care Function not detected.
2022-03-05 12:19:23  Will not check battery charging since AC Power is not ON
2022-03-05 12:19:23  [L]> pHpBatteryControlProtocol2010->SetChargeStatus(Battery_1, RESET) returned 'Not Found'.
2022-03-05 12:20:08  Battery Test Selected
2022-03-05 12:20:08  Estimated Total Time Required = 120s
2022-03-05 12:20:08  Battery Test Started
2022-03-05 12:20:08  [L]> EfiBatteryLibGetSmartAdapterStatus: AdapterStatus is '0'.
2022-03-05 12:20:08  System reports 1 batteries supported.
2022-03-05 12:20:08  Battery Pack Supplier Index: 2.
2022-03-05 12:20:08  Battery MFG Date 4/10/2019.
2022-03-05 12:20:08  Battery0: Charged to 38% and current is 1152mA. Battery Health Manager or Battery Care Function not detected.
2022-03-05 12:20:08  Will not check battery charging since AC Power is not ON
2022-03-05 12:20:08  Battery 0: Charge not detected, Executing Battery Full Test
2022-03-05 12:20:08  [L]> Battery state is good; but AC adapter is absent.
2022-03-05 12:20:08  [L]> pHpBatteryControlProtocol2010->SetChargeStatus(Battery_1, RESET) returned 'Not Found'.
2022-03-05 12:20:11  Battery 0 returned 0x0000000000000001
2022-03-05 12:20:11  Batt 0: Result:       0x1
2022-03-05 12:20:11  Batt 0: Serial:       04451 04/10/2019
2022-03-05 12:20:11  Batt 0: Manufacturer: 333-27-33-A
2022-03-05 12:20:11  Batt 0: CTNumber:     6HRVU02BCC58XH
2022-03-05 12:20:11  Batt 0: DesignCycleCount:    1000	 Design Capacity:  3620mAh	 Full Charge Capcity      3176mAh
2022-03-05 12:20:11  Batt 0: RemainingCapacity: 1238mAh	 Max Error:        0000001	 CycleCount:              912    
2022-03-05 12:20:11  Batt 0: Temperature:       000038	 Voltage:          10902mV	 Current:                 1152mA
2022-03-05 12:20:11  Batt 0: DesignVoltate:     11340mV	 StatusWord:       0x000C0	 CellVoltage1:            3642mV
2022-03-05 12:20:11  Batt 0: CellVoltage2:      3622mV	 CellVoltage3:     3640mV	 CellVoltage4:            0mV   
2022-03-05 12:20:11  Batt 0: Warranty:          000003	 Calibration:      0x00003	 ChargeControlSupported:  NO     
2022-03-05 12:20:11  Batt 0: ACPowerOn:         OFF   	 ChargeTempOK:     YES   	 ChargeTest:              0      
2022-03-05 12:20:11  Batt 0: ChargeCapacity:    87mAh	 TempAlarm:        NO    	 DeepDischarge:           NO     
2022-03-05 12:20:11  Batt 0: FullCharge:        NO    	 FullChargeStatus: 000000	 BatteryCharge:           YES    
2022-03-05 12:20:11  Batt 0: LowVoltageDisable: NO    	 AdaptiveBatteryExtender: Not Supported
2022-03-05 12:20:11  Overall Battery Result = 1
2022-03-05 12:20:11  SysDiagCalculatePassID(): Test PassID 21806-93610-53854.
2022-03-05 12:20:41  Battery Test Completed, TestResult = 1
2022-03-05 12:20:43  EFI HP BIOS Management Started
2022-03-05 12:20:45  BIOS Management Mode = 0
2022-03-05 12:20:45  Starting BIOS Update Process
2022-03-05 12:20:45  Setting BIOS Update Token
2022-03-05 12:20:45  Getting BIOS Detail Information
2022-03-05 12:20:45  IsBiosSixDigits = 0
2022-03-05 12:20:47  BIOS Returned BiosID '08532'
2022-03-05 12:20:47  QueryImageDetail: 4K Block Size detected.
2022-03-05 12:20:47  Skip Addresses:
2022-03-05 12:20:47  Entry 0: Address 0x0: Size: 0x300000
2022-03-05 12:20:47  Entry 1: Address 0x320000: Size: 0x24000
2022-03-05 12:20:47  Entry 2: Address 0x368000: Size: 0x28000
2022-03-05 12:20:47  Entry 3: Address 0x835000: Size: 0x1CA000
2022-03-05 12:20:47  Entry 4: Address 0x9FF000: Size: 0x601000
2022-03-05 12:20:47  Loading BIOS Image
2022-03-05 12:20:47  File name constructed: EFI\HP\BIOS\New\08532.bin
2022-03-05 12:20:47  Failed Reading BIOS Image EFI\HP\BIOS\New\08532.bin (Not Found)
2022-03-05 12:20:53  User Canceled Update
2022-03-05 12:20:53  EfiBiosUpdateLibEntry(): Result is 0xC
2022-03-05 12:20:53  BIOS Update Process Complete
2022-03-05 12:20:55  EFI HP BIOS Management Started
2022-03-05 12:21:07  BIOS Management Mode = 0
2022-03-05 12:21:07  Starting BIOS Update Process
2022-03-05 12:21:07  Setting BIOS Update Token
2022-03-05 12:21:07  Getting BIOS Detail Information
2022-03-05 12:21:07  IsBiosSixDigits = 0
2022-03-05 12:21:08  BIOS Returned BiosID '08532'
2022-03-05 12:21:08  QueryImageDetail: 4K Block Size detected.
2022-03-05 12:21:08  Skip Addresses:
2022-03-05 12:21:08  Entry 0: Address 0x0: Size: 0x300000
2022-03-05 12:21:08  Entry 1: Address 0x320000: Size: 0x24000
2022-03-05 12:21:08  Entry 2: Address 0x368000: Size: 0x28000
2022-03-05 12:21:08  Entry 3: Address 0x835000: Size: 0x1CA000
2022-03-05 12:21:08  Entry 4: Address 0x9FF000: Size: 0x601000
2022-03-05 12:21:08  Loading BIOS Image
2022-03-05 12:21:08  File name constructed: EFI\HP\BIOS\New\08532.bin
2022-03-05 12:21:08  Failed Reading BIOS Image EFI\HP\BIOS\New\08532.bin (Not Found)
2022-03-05 12:21:16  User Canceled Update
2022-03-05 12:21:16  EfiBiosUpdateLibEntry(): Result is 0xC
2022-03-05 12:21:16  BIOS Update Process Complete
2022-03-05 12:21:18  Uninstalling DTD ATA Commands Protocol
2022-03-05 12:21:18  Exiting System Diagnostics
2022-03-05 12:56:54  ================================================
2022-03-05 12:56:54  EFI System Diagnostic 7.6.2.0 Started
2022-03-05 12:56:54  Load Options Blank
2022-03-05 12:56:54  SysDiagsBiosData2011 Configuration Variable Acquired, SysDiagsBiosData2010.Version 1
2022-03-05 12:56:54  HP Thermal Diagnostic Protocol Not Available
2022-03-05 12:56:54  HP Thermal Diagnostic 2 Protocol Not Available
2022-03-05 12:56:54  [L]> System ID: 8533
2022-03-05 12:56:54  Failed Loading HP BIOS Image Interface Protocol (Not Found)
2022-03-05 12:56:54  [L]> Found 8 Processors 8 Enabled Processors
2022-03-05 12:56:54  [L]> MpService2 found Bsp at index 0
2022-03-05 12:56:54  [L]> Found 1 Absolute Pointer Protocol(s)
2022-03-05 12:56:54  [L]> 0 UART device path node found.
2022-03-05 12:56:54  System Family: Consumer Notebook
2022-03-05 12:56:54  Filter Serial Port Test for SystemFamily 2 
2022-03-05 12:56:54  [L]> IsThunderboltAccessProtocolPresent(): Failed to Locate Thunderbolt Protocol. (Not Found)
2022-03-05 12:56:54  Failed loading Hp Fingerprint Verify Protocol.(Not Found)
2022-03-05 12:56:54  [L]> Language Selected is currently (eng).
2022-03-05 12:56:56  Initializing Drive Library.
2022-03-05 12:56:56  TscPerSecond = 0616A0EEAh 
2022-03-05 12:56:56  [L]> Find DMAR in ACPI Table
2022-03-05 12:56:56  [L]> DMA Remap Protection is disabled
2022-03-05 12:56:56  Installed DTD ATA Commands Protocol
2022-03-05 12:56:56  Found installed DTD ATA Commands Protocol supporting Packet Commands!
2022-03-05 12:56:56  Found 1 Hard Disk Drive.
2022-03-05 12:56:56  Drive 0 SMART Supported
2022-03-05 12:56:56  AtaCommandsBindBlockIoProtocol(): Linked Block I/O Protocol (0x6A8136B8) to Drive 0
2022-03-05 12:56:56  Found 1 Optical Disk Drive.
2022-03-05 12:56:56  AtaCommandsBindBlockIoProtocol(): Linked Block I/O Protocol (0x6A80AEB8) to Drive 1
2022-03-05 12:56:56  Found 1 Hard Disk Drive.
2022-03-05 12:56:56  Drive 2 SMART Supported
2022-03-05 12:56:56  AtaCommandsBindBlockIoProtocol(): Linked Block I/O Protocol (0x6A7D8BB8) to Drive 2
2022-03-05 12:56:56  3 Total ATA Commands Drives Found
2022-03-05 12:56:56  Found 1 handles supporting EFI_EXT_SCSI_PASS_THRU_PROTOCOL (143B7632-B81B-4CB7-ABD3-B625A5B9BFFE).
2022-03-05 12:56:56  SCSI device connected at Target 0x0100FFFFFFFFFFFF-FFFFFFFFFFFFFFFF Lun 0x0
2022-03-05 12:56:56  Device Node Sata(0x1,0x0,0x0).
2022-03-05 12:56:56  ExtScsiPassThruInitScsiDriveData(65241): Do not collect SCSI ODD information if DMAr is disabled.
2022-03-05 12:56:56  ExtScsiPassThruInitializeScsiDiskSupport(): ExtScsiPassThruInitScsiDriveData() failed. (Unsupported)
2022-03-05 12:56:56  Found 1 handles supporting EFI_NVM_EXPRESS_PASS_THRU_PROTOCOL (52C78312-8EDC-4233-98F2-1A1AA5E388A5).
2022-03-05 12:56:56  [W]> PciIo Class Code (BCC:01,SCC:04,PI:00) unmatched for NVMe device. (Success)
2022-03-05 12:56:56  NVMePassThruInitializeNVMeDiskSupport(): GetNextNamespace() Not Found. (Not Found)
2022-03-05 12:56:56  2 Total Hard Disc Drives Found
2022-03-05 12:56:56  1 Total Optical Disc Drives Found
2022-03-05 12:56:56  Found 2 Hard Disk Drives
2022-03-05 12:56:56  Found 1 Optical Disk Drives
2022-03-05 12:56:56  No handle found supporting EFI_DCPMM_CONFIG_PROTOCOL_GUID (CF2F5F1F-94B6-4C15-9CAE-AFB3BD9F2BA5).
2022-03-05 12:56:56  Failed to initialize NVDIMM modules.
2022-03-05 12:56:56  SSD Wear ID is 0xAD, Flags is 0x0032, Current is 0x54, Worse is 0x54.
2022-03-05 12:56:56  SSD Wear Data: A6 00 00 00 00 00. 
2022-03-05 12:56:56  [L]> System ID: 8533
2022-03-05 12:56:56  System Model: = HP Laptop 15-da1xxx
2022-03-05 12:56:56  System SKU: = 6RQ05EA#BH5
2022-03-05 12:56:56  System ID: 8533
2022-03-05 12:56:56  Type 11 OS Image: BUILDID#18WW2PDD302#SBH5#DBH5
2022-03-05 12:56:56  BOD: 03/19/2019
2022-03-05 12:56:56  HDD 0 Type : ATA
2022-03-05 12:56:56  HDD 0 Model :   WDC WD10SPZX-60Z10T0
2022-03-05 12:56:56  HDD 0 Firmware: 04.01A04
2022-03-05 12:56:56  HDD 0 Serial:   WD-WX41A1968SCH
2022-03-05 12:56:56  HDD 1 Type : ATA
2022-03-05 12:56:56  HDD 1 Model :   SanDisk SD9SN8W-128G-1006
2022-03-05 12:56:56  HDD 1 Firmware: X6103006
2022-03-05 12:56:56  HDD 1 Serial:   181232805300
2022-03-05 12:56:56  ODD 0 Type : ATA
2022-03-05 12:56:56  ODD 0 Model :   hp DVDRW GUE1N
2022-03-05 12:56:56  ODD 0 Firmware: UE00
2022-03-05 12:56:56  ODD 0 Serial:   KZVJ4P25849
2022-03-05 12:56:56  DIMM 0 Serial Number: 2374A5C9
2022-03-05 12:56:56  DIMM 0 Part Number  : M471A5244BB0-CRC    
2022-03-05 12:56:56  DIMM 1 Serial Number: 2B5D78C2
2022-03-05 12:56:56  DIMM 1 Part Number  : HMA851S6AFR6N-UH    
2022-03-05 12:56:56  BIOS Revision: F.36
2022-03-05 12:56:56  [L]> Platform Vendor ID : 0x8086
2022-03-05 12:56:56  [L]> Platform Device ID : 0x3E34
2022-03-05 12:56:56  [L]> Found EFI_HP_DIMM_ID_PROTOCOL
2022-03-05 12:56:56  [L]> EFI_HP_BATTERY_CONTROL_PROTOCOL_2010 is present.
2022-03-05 12:56:56  Type 11 1 tables
2022-03-05 12:56:56  Type (000000000000000Bh), Len (0000000000000005h), Handle (000000000000000Ah), String count (0000000000000009h)
2022-03-05 12:56:56  HPBATDET: Environment Variable not found.
2022-03-05 12:56:56  BATDET: Date 4//10//2019 
2022-03-05 12:56:56  BATDET: 0
2022-03-05 12:56:56  [L]> BATDET: HP
2022-03-05 12:56:56  SysDiagsGetBatterySafetyModeStatus(): Failed to get BatterySafeyMode/BatterySafeyModeStatus.
2022-03-05 12:56:56  BIOS Config Table Configure Legacy Support and Secure Boot section was not found. 
2022-03-05 12:56:56  Legacy Support:
2022-03-05 12:56:56  	Enable
2022-03-05 12:56:56  	*Disable
2022-03-05 12:56:56  GetBIOSBootModeFromBIOSConfig(): Legacy Support is Not Enabled. 
2022-03-05 12:56:56  Secure Boot:
2022-03-05 12:56:56  	Enable
2022-03-05 12:56:56  	*Disable
2022-03-05 12:56:56  GetBIOSBootModeFromBIOSConfig(): Secure Boot is Not Enabled. 
2022-03-05 12:56:56  BIOS Config Table Adaptive Battery Extender section was not found. 
2022-03-05 12:56:56  SaveBIOSConfigInfo: Error assigning Battery Adaptive Extender data from BIOS configuration. Status = Not Found
2022-03-05 12:56:56  BIOS Config Table Adaptive Battery Optimizer section was not found. 
2022-03-05 12:56:56  BIOS Config Table DMAr Protection section was not found. 
2022-03-05 12:56:56  BIOS Config Table Batt_LTemp section was not found. 
2022-03-05 12:56:56  Starting Graphical System Diagnostic Menu
2022-03-05 12:57:00  Uninstalling DTD ATA Commands Protocol
2022-03-05 12:57:00  Exiting System Diagnostics
2022-03-05 13:05:29  ================================================
2022-03-05 13:05:29  EFI System Diagnostic 7.6.2.0 Started
2022-03-05 13:05:29  Load Options Blank
2022-03-05 13:05:29  SysDiagsBiosData2011 Configuration Variable Acquired, SysDiagsBiosData2010.Version 1
2022-03-05 13:05:29  HP Thermal Diagnostic Protocol Not Available
2022-03-05 13:05:29  HP Thermal Diagnostic 2 Protocol Not Available
2022-03-05 13:05:29  [L]> System ID: 8533
2022-03-05 13:05:29  Failed Loading HP BIOS Image Interface Protocol (Not Found)
2022-03-05 13:05:29  [L]> Found 8 Processors 8 Enabled Processors
2022-03-05 13:05:29  [L]> MpService2 found Bsp at index 0
2022-03-05 13:05:29  [L]> Found 1 Absolute Pointer Protocol(s)
2022-03-05 13:05:29  [L]> 0 UART device path node found.
2022-03-05 13:05:29  System Family: Consumer Notebook
2022-03-05 13:05:29  Filter Serial Port Test for SystemFamily 2 
2022-03-05 13:05:29  [L]> IsThunderboltAccessProtocolPresent(): Failed to Locate Thunderbolt Protocol. (Not Found)
2022-03-05 13:05:29  Failed loading Hp Fingerprint Verify Protocol.(Not Found)
2022-03-05 13:05:29  [L]> Language Selected is currently (eng).
2022-03-05 13:05:31  Initializing Drive Library.
2022-03-05 13:05:31  TscPerSecond = 0617E355Dh 
2022-03-05 13:05:31  [L]> Find DMAR in ACPI Table
2022-03-05 13:05:31  [L]> DMA Remap Protection is disabled
2022-03-05 13:05:31  Installed DTD ATA Commands Protocol
2022-03-05 13:05:31  Found installed DTD ATA Commands Protocol supporting Packet Commands!
2022-03-05 13:05:31  Found 1 Hard Disk Drive.
2022-03-05 13:05:31  Drive 0 SMART Supported
2022-03-05 13:05:31  AtaCommandsBindBlockIoProtocol(): Linked Block I/O Protocol (0x6A8136B8) to Drive 0
2022-03-05 13:05:31  Found 1 Optical Disk Drive.
2022-03-05 13:05:31  AtaCommandsBindBlockIoProtocol(): Linked Block I/O Protocol (0x6A80AEB8) to Drive 1
2022-03-05 13:05:31  Found 1 Hard Disk Drive.
2022-03-05 13:05:31  Drive 2 SMART Supported
2022-03-05 13:05:31  AtaCommandsBindBlockIoProtocol(): Linked Block I/O Protocol (0x6A7D8BB8) to Drive 2
2022-03-05 13:05:31  3 Total ATA Commands Drives Found
2022-03-05 13:05:31  Found 1 handles supporting EFI_EXT_SCSI_PASS_THRU_PROTOCOL (143B7632-B81B-4CB7-ABD3-B625A5B9BFFE).
2022-03-05 13:05:31  SCSI device connected at Target 0x0100FFFFFFFFFFFF-FFFFFFFFFFFFFFFF Lun 0x0
2022-03-05 13:05:31  Device Node Sata(0x1,0x0,0x0).
2022-03-05 13:05:31  ExtScsiPassThruInitScsiDriveData(65241): Do not collect SCSI ODD information if DMAr is disabled.
2022-03-05 13:05:31  ExtScsiPassThruInitializeScsiDiskSupport(): ExtScsiPassThruInitScsiDriveData() failed. (Unsupported)
2022-03-05 13:05:31  Found 1 handles supporting EFI_NVM_EXPRESS_PASS_THRU_PROTOCOL (52C78312-8EDC-4233-98F2-1A1AA5E388A5).
2022-03-05 13:05:31  [W]> PciIo Class Code (BCC:01,SCC:04,PI:00) unmatched for NVMe device. (Success)
2022-03-05 13:05:31  NVMePassThruInitializeNVMeDiskSupport(): GetNextNamespace() Not Found. (Not Found)
2022-03-05 13:05:31  2 Total Hard Disc Drives Found
2022-03-05 13:05:31  1 Total Optical Disc Drives Found
2022-03-05 13:05:31  Found 2 Hard Disk Drives
2022-03-05 13:05:31  Found 1 Optical Disk Drives
2022-03-05 13:05:31  No handle found supporting EFI_DCPMM_CONFIG_PROTOCOL_GUID (CF2F5F1F-94B6-4C15-9CAE-AFB3BD9F2BA5).
2022-03-05 13:05:31  Failed to initialize NVDIMM modules.
2022-03-05 13:05:31  SSD Wear ID is 0xAD, Flags is 0x0032, Current is 0x54, Worse is 0x54.
2022-03-05 13:05:31  SSD Wear Data: A6 00 00 00 00 00. 
2022-03-05 13:05:31  [L]> System ID: 8533
2022-03-05 13:05:31  System Model: = HP Laptop 15-da1xxx
2022-03-05 13:05:31  System SKU: = 6RQ05EA#BH5
2022-03-05 13:05:31  System ID: 8533
2022-03-05 13:05:31  Type 11 OS Image: BUILDID#18WW2PDD302#SBH5#DBH5
2022-03-05 13:05:31  BOD: 03/19/2019
2022-03-05 13:05:31  HDD 0 Type : ATA
2022-03-05 13:05:31  HDD 0 Model :   WDC WD10SPZX-60Z10T0
2022-03-05 13:05:31  HDD 0 Firmware: 04.01A04
2022-03-05 13:05:31  HDD 0 Serial:   WD-WX41A1968SCH
2022-03-05 13:05:31  HDD 1 Type : ATA
2022-03-05 13:05:31  HDD 1 Model :   SanDisk SD9SN8W-128G-1006
2022-03-05 13:05:31  HDD 1 Firmware: X6103006
2022-03-05 13:05:31  HDD 1 Serial:   181232805300
2022-03-05 13:05:31  ODD 0 Type : ATA
2022-03-05 13:05:31  ODD 0 Model :   hp DVDRW GUE1N
2022-03-05 13:05:31  ODD 0 Firmware: UE00
2022-03-05 13:05:31  ODD 0 Serial:   KZVJ4P25849
2022-03-05 13:05:31  DIMM 0 Serial Number: 2374A5C9
2022-03-05 13:05:31  DIMM 0 Part Number  : M471A5244BB0-CRC    
2022-03-05 13:05:31  DIMM 1 Serial Number: 2B5D78C2
2022-03-05 13:05:31  DIMM 1 Part Number  : HMA851S6AFR6N-UH    
2022-03-05 13:05:31  BIOS Revision: F.36
2022-03-05 13:05:31  [L]> Platform Vendor ID : 0x8086
2022-03-05 13:05:31  [L]> Platform Device ID : 0x3E34
2022-03-05 13:05:31  [L]> Found EFI_HP_DIMM_ID_PROTOCOL
2022-03-05 13:05:31  [L]> EFI_HP_BATTERY_CONTROL_PROTOCOL_2010 is present.
2022-03-05 13:05:31  Type 11 1 tables
2022-03-05 13:05:31  Type (000000000000000Bh), Len (0000000000000005h), Handle (000000000000000Ah), String count (0000000000000009h)
2022-03-05 13:05:31  HPBATDET: Environment Variable not found.
2022-03-05 13:05:31  BATDET: Date 4//10//2019 
2022-03-05 13:05:31  BATDET: 0
2022-03-05 13:05:31  [L]> BATDET: HP
2022-03-05 13:05:31  SysDiagsGetBatterySafetyModeStatus(): Failed to get BatterySafeyMode/BatterySafeyModeStatus.
2022-03-05 13:05:31  BIOS Config Table Configure Legacy Support and Secure Boot section was not found. 
2022-03-05 13:05:31  Legacy Support:
2022-03-05 13:05:31  	Enable
2022-03-05 13:05:31  	*Disable
2022-03-05 13:05:31  GetBIOSBootModeFromBIOSConfig(): Legacy Support is Not Enabled. 
2022-03-05 13:05:31  Secure Boot:
2022-03-05 13:05:31  	Enable
2022-03-05 13:05:31  	*Disable
2022-03-05 13:05:31  GetBIOSBootModeFromBIOSConfig(): Secure Boot is Not Enabled. 
2022-03-05 13:05:31  BIOS Config Table Adaptive Battery Extender section was not found. 
2022-03-05 13:05:31  SaveBIOSConfigInfo: Error assigning Battery Adaptive Extender data from BIOS configuration. Status = Not Found
2022-03-05 13:05:31  BIOS Config Table Adaptive Battery Optimizer section was not found. 
2022-03-05 13:05:31  BIOS Config Table DMAr Protection section was not found. 
2022-03-05 13:05:31  BIOS Config Table Batt_LTemp section was not found. 
2022-03-05 13:05:31  Starting Graphical System Diagnostic Menu
2022-03-05 13:05:41  [L]> SmbiosGetBiosVendor: Insyde
2022-03-05 13:05:46  Locate UsbIoProtocol HandleCount = 0, Status = Not Found 
2022-03-05 13:05:50  Locate UsbIoProtocol HandleCount = 0, Status = Not Found 
2022-03-05 13:05:58  Locate UsbIoProtocol HandleCount = 0, Status = Not Found 
2022-03-05 13:06:02  Uninstalling DTD ATA Commands Protocol
2022-03-05 13:06:02  Exiting System Diagnostics
